This file contains any messages produced by compilers while
running configure, to aid debugging if configure makes a mistake.

It was created by hfcxx configure 1.3.3, which was
generated by GNU Autoconf 2.69.  Invocation command line was

  $ ./configure 

## --------- ##
## Platform. ##
## --------- ##

hostname = st-a1771.chem.tue.nl
uname -m = x86_64
uname -r = 3.5.7-gentoo
uname -s = Linux
uname -v = #5 SMP Mon Nov 12 15:59:28 CET 2012

/usr/bin/uname -p = Intel(R) Core(TM)2 Quad CPU Q9550 @ 2.83GHz
/bin/uname -X     = unknown

/bin/arch              = unknown
/usr/bin/arch -k       = unknown
/usr/convex/getsysinfo = unknown
/usr/bin/hostinfo      = unknown
/bin/machine           = unknown
/usr/bin/oslevel       = unknown
/bin/universe          = unknown

PATH: /usr/local/bin
PATH: /usr/bin
PATH: /bin
PATH: /opt/bin
PATH: /usr/x86_64-pc-linux-gnu/gcc-bin/4.5.4
PATH: /usr/games/bin
PATH: /opt/torque/gnu/bin
PATH: /home/ivo/bin


## ----------- ##
## Core tests. ##
## ----------- ##

configure:2283: checking for a BSD-compatible install
configure:2351: result: /usr/bin/install -c
configure:2362: checking whether build environment is sane
configure:2417: result: yes
configure:2568: checking for a thread-safe mkdir -p
configure:2607: result: /bin/mkdir -p
configure:2614: checking for gawk
configure:2630: found /usr/bin/gawk
configure:2641: result: gawk
configure:2652: checking whether make sets $(MAKE)
configure:2674: result: yes
configure:2824: checking for g++
configure:2840: found /usr/bin/g++
configure:2851: result: g++
configure:2878: checking for C++ compiler version
configure:2887: g++ --version >&5
g++ (Gentoo 4.5.4 p1.0, pie-0.4.7) 4.5.4
Copyright (C) 2010 Free Software Foundation, Inc.
This is free software; see the source for copying conditions.  There is NO
warranty; not even for MERCHANTABILITY or FITNESS FOR A PARTICULAR PURPOSE.

configure:2898: $? = 0
configure:2887: g++ -v >&5
Using built-in specs.
COLLECT_GCC=/usr/x86_64-pc-linux-gnu/gcc-bin/4.5.4/g++
COLLECT_LTO_WRAPPER=/usr/libexec/gcc/x86_64-pc-linux-gnu/4.5.4/lto-wrapper
Target: x86_64-pc-linux-gnu
Configured with: /var/tmp/portage/sys-devel/gcc-4.5.4/work/gcc-4.5.4/configure --prefix=/usr --bindir=/usr/x86_64-pc-linux-gnu/gcc-bin/4.5.4 --includedir=/usr/lib/gcc/x86_64-pc-linux-gnu/4.5.4/include --datadir=/usr/share/gcc-data/x86_64-pc-linux-gnu/4.5.4 --mandir=/usr/share/gcc-data/x86_64-pc-linux-gnu/4.5.4/man --infodir=/usr/share/gcc-data/x86_64-pc-linux-gnu/4.5.4/info --with-gxx-include-dir=/usr/lib/gcc/x86_64-pc-linux-gnu/4.5.4/include/g++-v4 --host=x86_64-pc-linux-gnu --build=x86_64-pc-linux-gnu --disable-altivec --disable-fixed-point --without-ppl --without-cloog --disable-lto --enable-nls --without-included-gettext --with-system-zlib --enable-obsolete --disable-werror --enable-secureplt --enable-multilib --enable-libmudflap --disable-libssp --enable-libgomp --with-python-dir=/share/gcc-data/x86_64-pc-linux-gnu/4.5.4/python --enable-checking=release --disable-libgcj --enable-languages=c,c++,fortran --enable-shared --enable-threads=posix --enable-__cxa_atexit --enable-clocale=gnu --enable-targets=all --with-bugurl=http://bugs.gentoo.org/ --with-pkgversion='Gentoo 4.5.4 p1.0, pie-0.4.7'
Thread model: posix
gcc version 4.5.4 (Gentoo 4.5.4 p1.0, pie-0.4.7) 
configure:2898: $? = 0
configure:2887: g++ -V >&5
g++: '-V' option must have argument
configure:2898: $? = 1
configure:2887: g++ -qversion >&5
g++: unrecognized option '-qversion'
g++: no input files
configure:2898: $? = 1
configure:2918: checking whether the C++ compiler works
configure:2940: g++    conftest.cpp  >&5
configure:2944: $? = 0
configure:2992: result: yes
configure:2995: checking for C++ compiler default output file name
configure:2997: result: a.out
configure:3003: checking for suffix of executables
configure:3010: g++ -o conftest    conftest.cpp  >&5
configure:3014: $? = 0
configure:3036: result: 
configure:3058: checking whether we are cross compiling
configure:3066: g++ -o conftest    conftest.cpp  >&5
configure:3070: $? = 0
configure:3077: ./conftest
configure:3081: $? = 0
configure:3096: result: no
configure:3101: checking for suffix of object files
configure:3123: g++ -c   conftest.cpp >&5
configure:3127: $? = 0
configure:3148: result: o
configure:3152: checking whether we are using the GNU C++ compiler
configure:3171: g++ -c   conftest.cpp >&5
configure:3171: $? = 0
configure:3180: result: yes
configure:3189: checking whether g++ accepts -g
configure:3209: g++ -c -g  conftest.cpp >&5
configure:3209: $? = 0
configure:3250: result: yes
configure:3284: checking for style of include used by make
configure:3312: result: GNU
configure:3338: checking dependency style of g++
configure:3449: result: gcc3
configure:3516: checking for gcc
configure:3532: found /usr/bin/gcc
configure:3543: result: gcc
configure:3772: checking for C compiler version
configure:3781: gcc --version >&5
gcc (Gentoo 4.5.4 p1.0, pie-0.4.7) 4.5.4
Copyright (C) 2010 Free Software Foundation, Inc.
This is free software; see the source for copying conditions.  There is NO
warranty; not even for MERCHANTABILITY or FITNESS FOR A PARTICULAR PURPOSE.

configure:3792: $? = 0
configure:3781: gcc -v >&5
Using built-in specs.
COLLECT_GCC=/usr/x86_64-pc-linux-gnu/gcc-bin/4.5.4/gcc
COLLECT_LTO_WRAPPER=/usr/libexec/gcc/x86_64-pc-linux-gnu/4.5.4/lto-wrapper
Target: x86_64-pc-linux-gnu
Configured with: /var/tmp/portage/sys-devel/gcc-4.5.4/work/gcc-4.5.4/configure --prefix=/usr --bindir=/usr/x86_64-pc-linux-gnu/gcc-bin/4.5.4 --includedir=/usr/lib/gcc/x86_64-pc-linux-gnu/4.5.4/include --datadir=/usr/share/gcc-data/x86_64-pc-linux-gnu/4.5.4 --mandir=/usr/share/gcc-data/x86_64-pc-linux-gnu/4.5.4/man --infodir=/usr/share/gcc-data/x86_64-pc-linux-gnu/4.5.4/info --with-gxx-include-dir=/usr/lib/gcc/x86_64-pc-linux-gnu/4.5.4/include/g++-v4 --host=x86_64-pc-linux-gnu --build=x86_64-pc-linux-gnu --disable-altivec --disable-fixed-point --without-ppl --without-cloog --disable-lto --enable-nls --without-included-gettext --with-system-zlib --enable-obsolete --disable-werror --enable-secureplt --enable-multilib --enable-libmudflap --disable-libssp --enable-libgomp --with-python-dir=/share/gcc-data/x86_64-pc-linux-gnu/4.5.4/python --enable-checking=release --disable-libgcj --enable-languages=c,c++,fortran --enable-shared --enable-threads=posix --enable-__cxa_atexit --enable-clocale=gnu --enable-targets=all --with-bugurl=http://bugs.gentoo.org/ --with-pkgversion='Gentoo 4.5.4 p1.0, pie-0.4.7'
Thread model: posix
gcc version 4.5.4 (Gentoo 4.5.4 p1.0, pie-0.4.7) 
configure:3792: $? = 0
configure:3781: gcc -V >&5
gcc: '-V' option must have argument
configure:3792: $? = 1
configure:3781: gcc -qversion >&5
gcc: unrecognized option '-qversion'
gcc: no input files
configure:3792: $? = 1
configure:3796: checking whether we are using the GNU C compiler
configure:3815: gcc -c   conftest.c >&5
configure:3815: $? = 0
configure:3824: result: yes
configure:3833: checking whether gcc accepts -g
configure:3853: gcc -c -g  conftest.c >&5
configure:3853: $? = 0
configure:3894: result: yes
configure:3911: checking for gcc option to accept ISO C89
configure:3974: gcc  -c -g -O2  conftest.c >&5
configure:3974: $? = 0
configure:3987: result: none needed
configure:4009: checking dependency style of gcc
configure:4120: result: gcc3
configure:4141: checking how to run the C preprocessor
configure:4172: gcc -E  conftest.c
configure:4172: $? = 0
configure:4186: gcc -E  conftest.c
conftest.c:11:28: fatal error: ac_nonexistent.h: No such file or directory
compilation terminated.
configure:4186: $? = 1
configure: failed program was:
| /* confdefs.h */
| #define PACKAGE_NAME "hfcxx"
| #define PACKAGE_TARNAME "hfcxx"
| #define PACKAGE_VERSION "1.3.3"
| #define PACKAGE_STRING "hfcxx 1.3.3"
| #define PACKAGE_BUGREPORT "ivo@ivofilot.nl"
| #define PACKAGE_URL ""
| #define PACKAGE "hfcxx"
| #define VERSION "1.3.3"
| /* end confdefs.h.  */
| #include <ac_nonexistent.h>
configure:4211: result: gcc -E
configure:4231: gcc -E  conftest.c
configure:4231: $? = 0
configure:4245: gcc -E  conftest.c
conftest.c:11:28: fatal error: ac_nonexistent.h: No such file or directory
compilation terminated.
configure:4245: $? = 1
configure: failed program was:
| /* confdefs.h */
| #define PACKAGE_NAME "hfcxx"
| #define PACKAGE_TARNAME "hfcxx"
| #define PACKAGE_VERSION "1.3.3"
| #define PACKAGE_STRING "hfcxx 1.3.3"
| #define PACKAGE_BUGREPORT "ivo@ivofilot.nl"
| #define PACKAGE_URL ""
| #define PACKAGE "hfcxx"
| #define VERSION "1.3.3"
| /* end confdefs.h.  */
| #include <ac_nonexistent.h>
configure:4274: checking for grep that handles long lines and -e
configure:4332: result: /bin/grep
configure:4337: checking for egrep
configure:4399: result: /bin/grep -E
configure:4404: checking for ANSI C header files
configure:4424: gcc -c -g -O2  conftest.c >&5
configure:4424: $? = 0
configure:4497: gcc -o conftest -g -O2   conftest.c  >&5
configure:4497: $? = 0
configure:4497: ./conftest
configure:4497: $? = 0
configure:4508: result: yes
configure:4521: checking for sys/types.h
configure:4521: gcc -c -g -O2  conftest.c >&5
configure:4521: $? = 0
configure:4521: result: yes
configure:4521: checking for sys/stat.h
configure:4521: gcc -c -g -O2  conftest.c >&5
configure:4521: $? = 0
configure:4521: result: yes
configure:4521: checking for stdlib.h
configure:4521: gcc -c -g -O2  conftest.c >&5
configure:4521: $? = 0
configure:4521: result: yes
configure:4521: checking for string.h
configure:4521: gcc -c -g -O2  conftest.c >&5
configure:4521: $? = 0
configure:4521: result: yes
configure:4521: checking for memory.h
configure:4521: gcc -c -g -O2  conftest.c >&5
configure:4521: $? = 0
configure:4521: result: yes
configure:4521: checking for strings.h
configure:4521: gcc -c -g -O2  conftest.c >&5
configure:4521: $? = 0
configure:4521: result: yes
configure:4521: checking for inttypes.h
configure:4521: gcc -c -g -O2  conftest.c >&5
configure:4521: $? = 0
configure:4521: result: yes
configure:4521: checking for stdint.h
configure:4521: gcc -c -g -O2  conftest.c >&5
configure:4521: $? = 0
configure:4521: result: yes
configure:4521: checking for unistd.h
configure:4521: gcc -c -g -O2  conftest.c >&5
configure:4521: $? = 0
configure:4521: result: yes
configure:4536: checking for stdlib.h
configure:4536: result: yes
configure:4536: checking for string.h
configure:4536: result: yes
configure:4536: checking sys/time.h usability
configure:4536: gcc -c -g -O2  conftest.c >&5
configure:4536: $? = 0
configure:4536: result: yes
configure:4536: checking sys/time.h presence
configure:4536: gcc -E  conftest.c
configure:4536: $? = 0
configure:4536: result: yes
configure:4536: checking for sys/time.h
configure:4536: result: yes
configure:4548: checking for stdbool.h that conforms to C99
configure:4615: gcc -c -g -O2  conftest.c >&5
configure:4615: $? = 0
configure:4622: result: yes
configure:4624: checking for _Bool
configure:4624: gcc -c -g -O2  conftest.c >&5
configure:4624: $? = 0
configure:4624: gcc -c -g -O2  conftest.c >&5
conftest.c: In function 'main':
conftest.c:60:20: error: expected expression before ')' token
configure:4624: $? = 1
configure: failed program was:
| /* confdefs.h */
| #define PACKAGE_NAME "hfcxx"
| #define PACKAGE_TARNAME "hfcxx"
| #define PACKAGE_VERSION "1.3.3"
| #define PACKAGE_STRING "hfcxx 1.3.3"
| #define PACKAGE_BUGREPORT "ivo@ivofilot.nl"
| #define PACKAGE_URL ""
| #define PACKAGE "hfcxx"
| #define VERSION "1.3.3"
| #define STDC_HEADERS 1
| #define HAVE_SYS_TYPES_H 1
| #define HAVE_SYS_STAT_H 1
| #define HAVE_STDLIB_H 1
| #define HAVE_STRING_H 1
| #define HAVE_MEMORY_H 1
| #define HAVE_STRINGS_H 1
| #define HAVE_INTTYPES_H 1
| #define HAVE_STDINT_H 1
| #define HAVE_UNISTD_H 1
| #define HAVE_STDLIB_H 1
| #define HAVE_STRING_H 1
| #define HAVE_SYS_TIME_H 1
| /* end confdefs.h.  */
| #include <stdio.h>
| #ifdef HAVE_SYS_TYPES_H
| # include <sys/types.h>
| #endif
| #ifdef HAVE_SYS_STAT_H
| # include <sys/stat.h>
| #endif
| #ifdef STDC_HEADERS
| # include <stdlib.h>
| # include <stddef.h>
| #else
| # ifdef HAVE_STDLIB_H
| #  include <stdlib.h>
| # endif
| #endif
| #ifdef HAVE_STRING_H
| # if !defined STDC_HEADERS && defined HAVE_MEMORY_H
| #  include <memory.h>
| # endif
| # include <string.h>
| #endif
| #ifdef HAVE_STRINGS_H
| # include <strings.h>
| #endif
| #ifdef HAVE_INTTYPES_H
| # include <inttypes.h>
| #endif
| #ifdef HAVE_STDINT_H
| # include <stdint.h>
| #endif
| #ifdef HAVE_UNISTD_H
| # include <unistd.h>
| #endif
| int
| main ()
| {
| if (sizeof ((_Bool)))
| 	    return 0;
|   ;
|   return 0;
| }
configure:4624: result: yes
configure:4635: checking for inline
configure:4651: gcc -c -g -O2  conftest.c >&5
configure:4651: $? = 0
configure:4659: result: inline
configure:4677: checking for size_t
configure:4677: gcc -c -g -O2  conftest.c >&5
configure:4677: $? = 0
configure:4677: gcc -c -g -O2  conftest.c >&5
conftest.c: In function 'main':
conftest.c:61:21: error: expected expression before ')' token
configure:4677: $? = 1
configure: failed program was:
| /* confdefs.h */
| #define PACKAGE_NAME "hfcxx"
| #define PACKAGE_TARNAME "hfcxx"
| #define PACKAGE_VERSION "1.3.3"
| #define PACKAGE_STRING "hfcxx 1.3.3"
| #define PACKAGE_BUGREPORT "ivo@ivofilot.nl"
| #define PACKAGE_URL ""
| #define PACKAGE "hfcxx"
| #define VERSION "1.3.3"
| #define STDC_HEADERS 1
| #define HAVE_SYS_TYPES_H 1
| #define HAVE_SYS_STAT_H 1
| #define HAVE_STDLIB_H 1
| #define HAVE_STRING_H 1
| #define HAVE_MEMORY_H 1
| #define HAVE_STRINGS_H 1
| #define HAVE_INTTYPES_H 1
| #define HAVE_STDINT_H 1
| #define HAVE_UNISTD_H 1
| #define HAVE_STDLIB_H 1
| #define HAVE_STRING_H 1
| #define HAVE_SYS_TIME_H 1
| #define HAVE__BOOL 1
| /* end confdefs.h.  */
| #include <stdio.h>
| #ifdef HAVE_SYS_TYPES_H
| # include <sys/types.h>
| #endif
| #ifdef HAVE_SYS_STAT_H
| # include <sys/stat.h>
| #endif
| #ifdef STDC_HEADERS
| # include <stdlib.h>
| # include <stddef.h>
| #else
| # ifdef HAVE_STDLIB_H
| #  include <stdlib.h>
| # endif
| #endif
| #ifdef HAVE_STRING_H
| # if !defined STDC_HEADERS && defined HAVE_MEMORY_H
| #  include <memory.h>
| # endif
| # include <string.h>
| #endif
| #ifdef HAVE_STRINGS_H
| # include <strings.h>
| #endif
| #ifdef HAVE_INTTYPES_H
| # include <inttypes.h>
| #endif
| #ifdef HAVE_STDINT_H
| # include <stdint.h>
| #endif
| #ifdef HAVE_UNISTD_H
| # include <unistd.h>
| #endif
| int
| main ()
| {
| if (sizeof ((size_t)))
| 	    return 0;
|   ;
|   return 0;
| }
configure:4677: result: yes
configure:4693: checking for floor
configure:4693: gcc -o conftest -g -O2   conftest.c  >&5
conftest.c:48:6: warning: conflicting types for built-in function 'floor'
/tmp/cc4gmdoz.o: In function `main':
/scratch/ivo/github/hfcxx/conftest.c:59: undefined reference to `floor'
collect2: ld returned 1 exit status
configure:4693: $? = 1
configure: failed program was:
| /* confdefs.h */
| #define PACKAGE_NAME "hfcxx"
| #define PACKAGE_TARNAME "hfcxx"
| #define PACKAGE_VERSION "1.3.3"
| #define PACKAGE_STRING "hfcxx 1.3.3"
| #define PACKAGE_BUGREPORT "ivo@ivofilot.nl"
| #define PACKAGE_URL ""
| #define PACKAGE "hfcxx"
| #define VERSION "1.3.3"
| #define STDC_HEADERS 1
| #define HAVE_SYS_TYPES_H 1
| #define HAVE_SYS_STAT_H 1
| #define HAVE_STDLIB_H 1
| #define HAVE_STRING_H 1
| #define HAVE_MEMORY_H 1
| #define HAVE_STRINGS_H 1
| #define HAVE_INTTYPES_H 1
| #define HAVE_STDINT_H 1
| #define HAVE_UNISTD_H 1
| #define HAVE_STDLIB_H 1
| #define HAVE_STRING_H 1
| #define HAVE_SYS_TIME_H 1
| #define HAVE__BOOL 1
| /* end confdefs.h.  */
| /* Define floor to an innocuous variant, in case <limits.h> declares floor.
|    For example, HP-UX 11i <limits.h> declares gettimeofday.  */
| #define floor innocuous_floor
| 
| /* System header to define __stub macros and hopefully few prototypes,
|     which can conflict with char floor (); below.
|     Prefer <limits.h> to <assert.h> if __STDC__ is defined, since
|     <limits.h> exists even on freestanding compilers.  */
| 
| #ifdef __STDC__
| # include <limits.h>
| #else
| # include <assert.h>
| #endif
| 
| #undef floor
| 
| /* Override any GCC internal prototype to avoid an error.
|    Use char because int might match the return type of a GCC
|    builtin and then its argument prototype would still apply.  */
| #ifdef __cplusplus
| extern "C"
| #endif
| char floor ();
| /* The GNU C library defines this for functions which it implements
|     to always fail with ENOSYS.  Some functions are actually named
|     something starting with __ and the normal name is an alias.  */
| #if defined __stub_floor || defined __stub___floor
| choke me
| #endif
| 
| int
| main ()
| {
| return floor ();
|   ;
|   return 0;
| }
configure:4693: result: no
configure:4693: checking for gettimeofday
configure:4693: gcc -o conftest -g -O2   conftest.c  >&5
configure:4693: $? = 0
configure:4693: result: yes
configure:4693: checking for pow
configure:4693: gcc -o conftest -g -O2   conftest.c  >&5
conftest.c:49:6: warning: conflicting types for built-in function 'pow'
/tmp/ccvMtoCt.o: In function `main':
/scratch/ivo/github/hfcxx/conftest.c:60: undefined reference to `pow'
collect2: ld returned 1 exit status
configure:4693: $? = 1
configure: failed program was:
| /* confdefs.h */
| #define PACKAGE_NAME "hfcxx"
| #define PACKAGE_TARNAME "hfcxx"
| #define PACKAGE_VERSION "1.3.3"
| #define PACKAGE_STRING "hfcxx 1.3.3"
| #define PACKAGE_BUGREPORT "ivo@ivofilot.nl"
| #define PACKAGE_URL ""
| #define PACKAGE "hfcxx"
| #define VERSION "1.3.3"
| #define STDC_HEADERS 1
| #define HAVE_SYS_TYPES_H 1
| #define HAVE_SYS_STAT_H 1
| #define HAVE_STDLIB_H 1
| #define HAVE_STRING_H 1
| #define HAVE_MEMORY_H 1
| #define HAVE_STRINGS_H 1
| #define HAVE_INTTYPES_H 1
| #define HAVE_STDINT_H 1
| #define HAVE_UNISTD_H 1
| #define HAVE_STDLIB_H 1
| #define HAVE_STRING_H 1
| #define HAVE_SYS_TIME_H 1
| #define HAVE__BOOL 1
| #define HAVE_GETTIMEOFDAY 1
| /* end confdefs.h.  */
| /* Define pow to an innocuous variant, in case <limits.h> declares pow.
|    For example, HP-UX 11i <limits.h> declares gettimeofday.  */
| #define pow innocuous_pow
| 
| /* System header to define __stub macros and hopefully few prototypes,
|     which can conflict with char pow (); below.
|     Prefer <limits.h> to <assert.h> if __STDC__ is defined, since
|     <limits.h> exists even on freestanding compilers.  */
| 
| #ifdef __STDC__
| # include <limits.h>
| #else
| # include <assert.h>
| #endif
| 
| #undef pow
| 
| /* Override any GCC internal prototype to avoid an error.
|    Use char because int might match the return type of a GCC
|    builtin and then its argument prototype would still apply.  */
| #ifdef __cplusplus
| extern "C"
| #endif
| char pow ();
| /* The GNU C library defines this for functions which it implements
|     to always fail with ENOSYS.  Some functions are actually named
|     something starting with __ and the normal name is an alias.  */
| #if defined __stub_pow || defined __stub___pow
| choke me
| #endif
| 
| int
| main ()
| {
| return pow ();
|   ;
|   return 0;
| }
configure:4693: result: no
configure:4693: checking for sqrt
configure:4693: gcc -o conftest -g -O2   conftest.c  >&5
conftest.c:49:6: warning: conflicting types for built-in function 'sqrt'
/tmp/ccWXBIDy.o: In function `main':
/scratch/ivo/github/hfcxx/conftest.c:60: undefined reference to `sqrt'
collect2: ld returned 1 exit status
configure:4693: $? = 1
configure: failed program was:
| /* confdefs.h */
| #define PACKAGE_NAME "hfcxx"
| #define PACKAGE_TARNAME "hfcxx"
| #define PACKAGE_VERSION "1.3.3"
| #define PACKAGE_STRING "hfcxx 1.3.3"
| #define PACKAGE_BUGREPORT "ivo@ivofilot.nl"
| #define PACKAGE_URL ""
| #define PACKAGE "hfcxx"
| #define VERSION "1.3.3"
| #define STDC_HEADERS 1
| #define HAVE_SYS_TYPES_H 1
| #define HAVE_SYS_STAT_H 1
| #define HAVE_STDLIB_H 1
| #define HAVE_STRING_H 1
| #define HAVE_MEMORY_H 1
| #define HAVE_STRINGS_H 1
| #define HAVE_INTTYPES_H 1
| #define HAVE_STDINT_H 1
| #define HAVE_UNISTD_H 1
| #define HAVE_STDLIB_H 1
| #define HAVE_STRING_H 1
| #define HAVE_SYS_TIME_H 1
| #define HAVE__BOOL 1
| #define HAVE_GETTIMEOFDAY 1
| /* end confdefs.h.  */
| /* Define sqrt to an innocuous variant, in case <limits.h> declares sqrt.
|    For example, HP-UX 11i <limits.h> declares gettimeofday.  */
| #define sqrt innocuous_sqrt
| 
| /* System header to define __stub macros and hopefully few prototypes,
|     which can conflict with char sqrt (); below.
|     Prefer <limits.h> to <assert.h> if __STDC__ is defined, since
|     <limits.h> exists even on freestanding compilers.  */
| 
| #ifdef __STDC__
| # include <limits.h>
| #else
| # include <assert.h>
| #endif
| 
| #undef sqrt
| 
| /* Override any GCC internal prototype to avoid an error.
|    Use char because int might match the return type of a GCC
|    builtin and then its argument prototype would still apply.  */
| #ifdef __cplusplus
| extern "C"
| #endif
| char sqrt ();
| /* The GNU C library defines this for functions which it implements
|     to always fail with ENOSYS.  Some functions are actually named
|     something starting with __ and the normal name is an alias.  */
| #if defined __stub_sqrt || defined __stub___sqrt
| choke me
| #endif
| 
| int
| main ()
| {
| return sqrt ();
|   ;
|   return 0;
| }
configure:4693: result: no
configure:4812: checking that generated files are newer than configure
configure:4818: result: done
configure:4845: creating ./config.status

## ---------------------- ##
## Running config.status. ##
## ---------------------- ##

This file was extended by hfcxx config.status 1.3.3, which was
generated by GNU Autoconf 2.69.  Invocation command line was

  CONFIG_FILES    = 
  CONFIG_HEADERS  = 
  CONFIG_LINKS    = 
  CONFIG_COMMANDS = 
  $ ./config.status 

on st-a1771.chem.tue.nl

config.status:860: creating Makefile
config.status:860: creating src/Makefile
config.status:860: creating config.h
config.status:1089: executing depfiles commands

## ---------------- ##
## Cache variables. ##
## ---------------- ##

ac_cv_c_compiler_gnu=yes
ac_cv_c_inline=inline
ac_cv_cxx_compiler_gnu=yes
ac_cv_env_CCC_set=
ac_cv_env_CCC_value=
ac_cv_env_CC_set=
ac_cv_env_CC_value=
ac_cv_env_CFLAGS_set=
ac_cv_env_CFLAGS_value=
ac_cv_env_CPPFLAGS_set=
ac_cv_env_CPPFLAGS_value=
ac_cv_env_CPP_set=
ac_cv_env_CPP_value=
ac_cv_env_CXXFLAGS_set=
ac_cv_env_CXXFLAGS_value=
ac_cv_env_CXX_set=
ac_cv_env_CXX_value=
ac_cv_env_LDFLAGS_set=
ac_cv_env_LDFLAGS_value=
ac_cv_env_LIBS_set=
ac_cv_env_LIBS_value=
ac_cv_env_build_alias_set=
ac_cv_env_build_alias_value=
ac_cv_env_host_alias_set=
ac_cv_env_host_alias_value=
ac_cv_env_target_alias_set=
ac_cv_env_target_alias_value=
ac_cv_func_floor=no
ac_cv_func_gettimeofday=yes
ac_cv_func_pow=no
ac_cv_func_sqrt=no
ac_cv_header_inttypes_h=yes
ac_cv_header_memory_h=yes
ac_cv_header_stdbool_h=yes
ac_cv_header_stdc=yes
ac_cv_header_stdint_h=yes
ac_cv_header_stdlib_h=yes
ac_cv_header_string_h=yes
ac_cv_header_strings_h=yes
ac_cv_header_sys_stat_h=yes
ac_cv_header_sys_time_h=yes
ac_cv_header_sys_types_h=yes
ac_cv_header_unistd_h=yes
ac_cv_objext=o
ac_cv_path_EGREP='/bin/grep -E'
ac_cv_path_GREP=/bin/grep
ac_cv_path_install='/usr/bin/install -c'
ac_cv_path_mkdir=/bin/mkdir
ac_cv_prog_AWK=gawk
ac_cv_prog_CPP='gcc -E'
ac_cv_prog_ac_ct_CC=gcc
ac_cv_prog_ac_ct_CXX=g++
ac_cv_prog_cc_c89=
ac_cv_prog_cc_g=yes
ac_cv_prog_cxx_g=yes
ac_cv_prog_make_make_set=yes
ac_cv_type__Bool=yes
ac_cv_type_size_t=yes
am_cv_CC_dependencies_compiler_type=gcc3
am_cv_CXX_dependencies_compiler_type=gcc3

## ----------------- ##
## Output variables. ##
## ----------------- ##

ACLOCAL='${SHELL} /scratch/ivo/github/hfcxx/missing --run aclocal-1.12'
AMDEPBACKSLASH='\'
AMDEP_FALSE='#'
AMDEP_TRUE=''
AMTAR='$${TAR-tar}'
AUTOCONF='${SHELL} /scratch/ivo/github/hfcxx/missing --run autoconf'
AUTOHEADER='${SHELL} /scratch/ivo/github/hfcxx/missing --run autoheader'
AUTOMAKE='${SHELL} /scratch/ivo/github/hfcxx/missing --run automake-1.12'
AWK='gawk'
CC='gcc'
CCDEPMODE='depmode=gcc3'
CFLAGS='-g -O2'
CPP='gcc -E'
CPPFLAGS=''
CXX='g++'
CXXDEPMODE='depmode=gcc3'
CXXFLAGS='-g -O2'
CYGPATH_W='echo'
DEFS='-DHAVE_CONFIG_H'
DEPDIR='.deps'
ECHO_C=''
ECHO_N='-n'
ECHO_T=''
EGREP='/bin/grep -E'
EXEEXT=''
GREP='/bin/grep'
INSTALL_DATA='${INSTALL} -m 644'
INSTALL_PROGRAM='${INSTALL}'
INSTALL_SCRIPT='${INSTALL}'
INSTALL_STRIP_PROGRAM='$(install_sh) -c -s'
LDFLAGS=''
LIBOBJS=''
LIBS=''
LTLIBOBJS=''
MAKEINFO='${SHELL} /scratch/ivo/github/hfcxx/missing --run makeinfo'
MKDIR_P='/bin/mkdir -p'
OBJEXT='o'
PACKAGE='hfcxx'
PACKAGE_BUGREPORT='ivo@ivofilot.nl'
PACKAGE_NAME='hfcxx'
PACKAGE_STRING='hfcxx 1.3.3'
PACKAGE_TARNAME='hfcxx'
PACKAGE_URL=''
PACKAGE_VERSION='1.3.3'
PATH_SEPARATOR=':'
SET_MAKE=''
SHELL='/bin/sh'
STRIP=''
VERSION='1.3.3'
ac_ct_CC='gcc'
ac_ct_CXX='g++'
am__EXEEXT_FALSE=''
am__EXEEXT_TRUE='#'
am__fastdepCC_FALSE='#'
am__fastdepCC_TRUE=''
am__fastdepCXX_FALSE='#'
am__fastdepCXX_TRUE=''
am__include='include'
am__isrc=''
am__leading_dot='.'
am__nodep='_no'
am__quote=''
am__tar='$${TAR-tar} chof - "$$tardir"'
am__untar='$${TAR-tar} xf -'
bindir='${exec_prefix}/bin'
build_alias=''
datadir='${datarootdir}'
datarootdir='${prefix}/share'
docdir='${datarootdir}/doc/${PACKAGE_TARNAME}'
dvidir='${docdir}'
exec_prefix='${prefix}'
host_alias=''
htmldir='${docdir}'
includedir='${prefix}/include'
infodir='${datarootdir}/info'
install_sh='${SHELL} /scratch/ivo/github/hfcxx/install-sh'
libdir='${exec_prefix}/lib'
libexecdir='${exec_prefix}/libexec'
localedir='${datarootdir}/locale'
localstatedir='${prefix}/var'
mandir='${datarootdir}/man'
mkdir_p='$(MKDIR_P)'
oldincludedir='/usr/include'
pdfdir='${docdir}'
prefix='/usr/local'
program_transform_name='s,x,x,'
psdir='${docdir}'
sbindir='${exec_prefix}/sbin'
sharedstatedir='${prefix}/com'
sysconfdir='${prefix}/etc'
target_alias=''

## ----------- ##
## confdefs.h. ##
## ----------- ##

/* confdefs.h */
#define PACKAGE_NAME "hfcxx"
#define PACKAGE_TARNAME "hfcxx"
#define PACKAGE_VERSION "1.3.3"
#define PACKAGE_STRING "hfcxx 1.3.3"
#define PACKAGE_BUGREPORT "ivo@ivofilot.nl"
#define PACKAGE_URL ""
#define PACKAGE "hfcxx"
#define VERSION "1.3.3"
#define STDC_HEADERS 1
#define HAVE_SYS_TYPES_H 1
#define HAVE_SYS_STAT_H 1
#define HAVE_STDLIB_H 1
#define HAVE_STRING_H 1
#define HAVE_MEMORY_H 1
#define HAVE_STRINGS_H 1
#define HAVE_INTTYPES_H 1
#define HAVE_STDINT_H 1
#define HAVE_UNISTD_H 1
#define HAVE_STDLIB_H 1
#define HAVE_STRING_H 1
#define HAVE_SYS_TIME_H 1
#define HAVE__BOOL 1
#define HAVE_GETTIMEOFDAY 1

configure: exit 0
